[14:53:51] [ServerMain/INFO]: Environment: Environment[sessionHost=https://sessionserver.mojang.com, servicesHost=https://api.minecraftservices.com, name=PROD]
[14:53:52] [ServerMain/INFO]: Loaded 1175 recipes
[14:53:52] [ServerMain/INFO]: Loaded 1276 advancements
[14:53:53] [Server thread/INFO]: Starting minecraft server version 1.20.6
[14:53:53] [Server thread/INFO]: Loading properties
[14:53:53] [Server thread/INFO]: This server is running Purpur version 1.20.6-2219-ver/1.20.6@b1464f3 (2024-05-29T22:28:15Z) (Implementing API version 1.20.6-R0.1-SNAPSHOT)
[14:53:53] [Server thread/INFO]: Server Ping Player Sample Count: 12
[14:53:53] [Server thread/INFO]: Using 4 threads for Netty based IO
[14:53:54] [Server thread/INFO]: [ChunkTaskScheduler] Chunk system is using 1 I/O threads, 1 worker threads, and gen parallelism of 1 threads
[14:53:54] [Server thread/INFO]: Default game type: SURVIVAL
[14:53:54] [Server thread/INFO]: Generating keypair
[14:53:55] [Server thread/INFO]: Starting Minecraft server on *:25565
[14:53:55] [Server thread/INFO]: Using epoll channel type
[14:53:55] [Server thread/INFO]: Paper: Using libdeflate (Linux x86_64) compression from Velocity.
[14:53:55] [Server thread/INFO]: Paper: Using OpenSSL 1.1.x (Linux x86_64) cipher from Velocity.
[14:53:55] [Server thread/INFO]: [Vault] Loading server plugin Vault v1.7.3-b131
[14:53:55] [Server thread/INFO]: [CMILib] Loading server plugin CMILib v1.4.7.14
[14:53:55] [Server thread/INFO]: [spark] Loading server plugin spark v1.10.66
[14:53:55] [Server thread/INFO]: [SkinsRestorer] Loading server plugin SkinsRestorer v15.0.13
[14:53:55] [Server thread/INFO]: [TreeAssist] Loading server plugin TreeAssist v7.3.55
[14:53:55] [Server thread/INFO]: [TreeAssist] Loading main config file: /config.yml
[14:53:55] [Server thread/INFO]: [CMI] Loading server plugin CMI v9.7.2.11
[14:53:55] [Server thread/INFO]: Server permissions file permissions.yml is empty, ignoring it
[14:53:55] [Server thread/INFO]: [Vault] Enabling Vault v1.7.3-b131
[14:53:55] [Server thread/INFO]: [Vault] [Permission] SuperPermissions loaded as backup permission system.
[14:53:55] [Server thread/INFO]: [Vault] Enabled Version 1.7.3-b131
[14:53:55] [Server thread/INFO]: [SkinsRestorer] Enabling SkinsRestorer v15.0.13
[14:53:57] [Server thread/INFO]: [SkinsRestorer] Running on Minecraft 1.20.6.
[14:53:57] [Server thread/INFO]: [SkinsRestorer] Using paper join listener!
[14:53:57] [Server thread/WARN]: **** SERVER IS RUNNING IN OFFLINE/INSECURE MODE!
[14:53:57] [Server thread/WARN]: The server will make no attempt to authenticate usernames. Beware.
[14:53:57] [Server thread/WARN]: While this makes the game possible to play without internet access, it also opens up the ability for hackers to connect with any username they choose.
[14:53:57] [Server thread/WARN]: To change this, set "online-mode" to "true" in the server.properties file.
[14:53:57] [Server thread/INFO]: Preparing level "world"
[14:53:57] [Folia Async Scheduler Thread #1/INFO]: [SkinsRestorer] ----------------------------------------------
[14:53:57] [Folia Async Scheduler Thread #1/INFO]: [SkinsRestorer]     +==================+
[14:53:57] [Folia Async Scheduler Thread #1/INFO]: [SkinsRestorer]     |   SkinsRestorer  |
[14:53:57] [Folia Async Scheduler Thread #1/INFO]: [SkinsRestorer]     |------------------|
[14:53:57] [Folia Async Scheduler Thread #1/INFO]: [SkinsRestorer]     |  Standalone Mode |
[14:53:57] [Folia Async Scheduler Thread #1/INFO]: [SkinsRestorer]     +==================+
[14:53:57] [Folia Async Scheduler Thread #1/INFO]: [SkinsRestorer] ----------------------------------------------
[14:53:57] [Folia Async Scheduler Thread #1/INFO]: [SkinsRestorer]     Version: 15.0.13
[14:53:57] [Folia Async Scheduler Thread #1/INFO]: [SkinsRestorer]     Commit: 8e4c6e2
[14:53:57] [Folia Async Scheduler Thread #1/INFO]: [SkinsRestorer]     This is the latest version!
[14:53:57] [Folia Async Scheduler Thread #1/INFO]: [SkinsRestorer] ----------------------------------------------
[14:53:58] [Server thread/INFO]: Preparing start region for dimension minecraft:overworld
[14:53:59] [Server thread/INFO]: Time elapsed: 1251 ms
[14:53:59] [Server thread/INFO]: Preparing start region for dimension minecraft:the_nether
[14:54:00] [Server thread/INFO]: Time elapsed: 351 ms
[14:54:00] [Server thread/INFO]: Preparing start region for dimension minecraft:the_end
[14:54:00] [Server thread/INFO]: Time elapsed: 101 ms
[14:54:00] [Server thread/INFO]: [CMILib] Enabling CMILib v1.4.7.14
[14:54:01] [Server thread/INFO]: Server version: v1_20_R4 - 1.20.6 - paper  1.20.6-2219-b1464f3 (MC: 1.20.6)
[14:54:02] [Server thread/INFO]: Environment: Environment[sessionHost=https://sessionserver.mojang.com, servicesHost=https://api.minecraftservices.com, name=PROD]
[14:54:02] [Server thread/INFO]: CMI hooked.
[14:54:02] [Server thread/INFO]: Updated (EN) language file. Took 83ms
[14:54:02] [Server thread/INFO]: [spark] Enabling spark v1.10.66
[14:54:03] [Server thread/INFO]: [spark] Using Paper ServerTickStartEvent for tick monitoring
[14:54:03] [Server thread/INFO]: [spark] Starting background profiler...
[14:54:03] [Server thread/INFO]: [TreeAssist] Enabling TreeAssist v7.3.55
[14:54:03] [Server thread/INFO]: [TreeAssist] sending full Metrics! You can deactivate this in the config.yml
[14:54:03] [Server thread/INFO]: [TreeAssist] debugging: off
[14:54:03] [Server thread/INFO]: [CMI] Enabling CMI v9.7.2.11
[14:54:03] [Server thread/INFO]: [CMI]                                 
[14:54:03] [Thread-11/INFO]: [TreeAssist] Checking for updates...
[14:54:03] [Server thread/INFO]: _______________________________________________________
[14:54:03] [Server thread/INFO]: ┏━━━┓ ┏━┓┏━┓ ┏━━┓
[14:54:03] [Server thread/INFO]: ┃┏━┓┃ ┃ ┗┛ ┃ ┗┫┣┛
[14:54:03] [Server thread/INFO]: ┃┃ ┗┛ ┃┏┓┏┓┃  ┃┃ 
[14:54:03] [Server thread/INFO]: ┃┃ ┏┓ ┃┃┃┃┃┃  ┃┃ 
[14:54:03] [Server thread/INFO]: ┃┗━┛┃ ┃┃┃┃┃┃ ┏┫┣┓
[14:54:03] [Server thread/INFO]: ┗━━━┛ ┗┛┗┛┗┛ ┗━━┛
[14:54:03] [Server thread/INFO]: _______________________________________________________
[14:54:03] [Server thread/INFO]: Integrating PaperSpigot async methods
[14:54:03] [Server thread/INFO]: Vault found. (Loaded: true)
[14:54:04] [Server thread/INFO]: 59 Enabled and 0 Disabled modules
[14:54:04] [Server thread/INFO]: Permission plugin: Vault
[14:54:04] [Server thread/INFO]: Initialized Cipher256 AES
[14:54:05] [Server thread/INFO]: Loaded (61) regular alias into memory. Took 194ms
[14:54:05] [Server thread/INFO]: Loaded (1) custom text's into memory. Took 7ms
[14:54:06] [Server thread/INFO]: 3.45.3 data base type detected
[14:54:06] [Server thread/INFO]: Started SqLite data base. Took 312ms
[14:54:06] [Server thread/INFO]: [CMI] Vault was found but economy engine is missing. Use one from list provided in https://dev.bukkit.org/bukkit-plugins/vault/
[14:54:06] [Server thread/INFO]: [CMI] Alternatively you can enable CMI economy in config.yml file
[14:54:06] [Server thread/INFO]: Vault was found but not economy plugin, you will have limited economy support
[14:54:06] [Server thread/INFO]: Loaded (5) warning categories into memory. Took 0ms
[14:54:06] [Server thread/INFO]: Loaded (3) warning commands into memory. Took 0ms
[14:54:06] [Server thread/INFO]: Loaded (0) cooldowns into memory. Took 0ms
[14:54:06] [Server thread/INFO]: Loaded (145) custom mob heads into memory. Took 12ms
[14:54:07] [Server thread/INFO]: Loaded (0) kits into memory. Took 0ms
[14:54:07] [Server thread/INFO]: Loaded (0) ranks into memory. Took 8ms
[14:54:07] [Server thread/INFO]: Loaded (8) playtime rewards into memory. Took 3ms
[14:54:07] [Server thread/INFO]: Loaded (6) player data into memory. Took 10ms
[14:54:07] [Server thread/INFO]: Loaded (0) playtime records into memory. Took 1ms
[14:54:07] [Server thread/INFO]: Loaded (0) playtime reward records into memory. Took 1ms
[14:54:07] [Server thread/INFO]: Loaded (0) custom alias into memory. Took 0ms
[14:54:07] [Server thread/INFO]: Registered events. Took 194ms
[14:54:07] [Server thread/INFO]: Loaded (0) event action commands into memory. Took 4ms
[14:54:07] [Server thread/INFO]: Loaded (EN) language file into memory. Took 125ms
[14:54:07] [Server thread/INFO]: Loaded (245) worth values into memory. Took 61ms
[14:54:07] [Server thread/INFO]: VaultPermissions found. (Loaded: true)
[14:54:07] [Server thread/INFO]: Starting world timer.
[14:54:07] [Server thread/INFO]: Initializing world manager.
[14:54:07] [Server thread/INFO]: Loaded (4) schedules into memory. Took 7ms
[14:54:07] [Server thread/INFO]: Loaded GeoIP
[14:54:07] [Server thread/INFO]: Loaded (0) skin cache entries into memory. Took 0ms
[14:54:07] [Server thread/INFO]: Loaded (0) ArmorStand templates into memory. Took 1ms
[14:54:07] [Server thread/INFO]: Version 9.7.2.11 has been enabled
[14:54:07] [Server thread/INFO]: _______________________________________________________
[14:54:07] [Server thread/INFO]: Running delayed init tasks
[14:54:07] [Server thread/INFO]: Done (14.592s)! For help, type "help"
[14:54:07] [Craft Scheduler Thread - 0 - Vault/INFO]: [Vault] Checking for Updates ... 
[14:54:07] [Craft Scheduler Thread - 3 - CMILib/INFO]: New version of CMILib was detected. Please update it
[14:54:07] [Craft Scheduler Thread - 0 - Vault/INFO]: [Vault] No new version available
